
fetching data...

Tokenization took: 6.42 ms
Type conversion took: 9.27 ms
Parser memory cleanup took: 0.17 ms
Parse all object type columns...
No object columns to parse
X shape: (8690, 12)

------------------------------

Splitting data in training and test sample

Info: The model will be trained anew. Existing saves will be overwritten.
      (Program paused for 3 seconds. Hit Enter to abort the training.)
No input received. Continue running the program...
Creating the model using GBR_default...

Grid search on GBR_default

Fitting the model...
Fitting 5 folds for each of 1152 candidates, totalling 5760 fits


-----------------------------------
Grid search summary (used folds: 5)
-----------------------------------

  Best estimator: GradientBoostingRegressor(alpha=0.9, criterion='friedman_mse', init=None,
             learning_rate=0.05, loss='huber', max_depth=8,
             max_features=None, max_leaf_nodes=None,
             min_impurity_decrease=0.0, min_impurity_split=None,
             min_samples_leaf=1, min_samples_split=4,
             min_weight_fraction_leaf=0.0, n_estimators=600,
             presort='auto', random_state=None, subsample=1.0, verbose=0,
             warm_start=False) 

  Best score: -25.0944886553 (optimized metric: neg_mean_absolute_error)


  mean_fit_time                      :    48.57
  mean_score_time                    :   0.3033
  mean_test_neg_mean_absolute_error  :   -25.09
  mean_test_neg_mean_squared_error   : -1.674e+03
  mean_test_neg_median_absolute_error:   -14.51
  mean_test_r2                       :   0.9478
  mean_train_neg_mean_absolute_error :    -5.27
  mean_train_neg_mean_squared_error  :   -176.2
  mean_train_neg_median_absolute_error:   -2.356
  mean_train_r2                      :   0.9945
  std_fit_time                       :    9.012
  std_score_time                     :  0.04855
  std_test_neg_mean_absolute_error   :    0.663
  std_test_neg_mean_squared_error    :    152.2
  std_test_neg_median_absolute_error :   0.6837
  std_test_r2                        : 0.003923
  std_train_neg_mean_absolute_error  :  0.07208
  std_train_neg_mean_squared_error   :    10.31
  std_train_neg_median_absolute_error:  0.06536
  std_train_r2                       : 0.0002769

---------- Evaluating the model on the test sample... ----------
Predicting class labels...

Explained variance score (best 1, worst 0):  0.9530
Mean absolute error:  22.7003
Mean squared error:  1443.1971
r^2 score (best 1, can get negative=arbitraryliy bad):  0.9530

Evaluation time test sample: 0.0588829517365 seconds

-------------------
- RUNTIME -
-------------------

Total runtime: 32416.3517001 seconds

Training time: 32411.5833728 seconds

------------------------------

